  Field.cpp
G:\Project Folder\OpenField\Field\src\Field.cpp(236,23): warning C4305: '=': truncation from 'double' to 'float'
G:\Project Folder\OpenField\Field\src\Field.cpp(237,22): warning C4305: '=': truncation from 'double' to 'float'
G:\Project Folder\OpenField\Field\src\Field.cpp(298,51): warning C4244: '=': conversion from 'float' to 'int', possible loss of data
G:\Project Folder\OpenField\Field\src\Field.cpp(299,51): warning C4244: '=': conversion from 'float' to 'int', possible loss of data
G:\Project Folder\OpenField\Field\src\Field.cpp(301,29): warning C4244: 'argument': conversion from 'int' to 'float', possible loss of data
G:\Project Folder\OpenField\Field\src\Field.cpp(302,29): warning C4244: 'argument': conversion from 'int' to 'float', possible loss of data
G:\Project Folder\OpenField\Field\src\Field.cpp(340,45): warning C4244: 'argument': conversion from 'double' to 'float', possible loss of data
G:\Project Folder\OpenField\Field\src\Field.cpp(362,22): warning C4244: 'initializing': conversion from 'int' to 'float', possible loss of data
G:\Project Folder\OpenField\Field\src\Field.cpp(375,22): warning C4244: 'initializing': conversion from 'int' to 'float', possible loss of data
G:\Project Folder\OpenField\Field\src\Field.cpp(376,22): warning C4244: 'initializing': conversion from 'int' to 'float', possible loss of data
  Info.cpp
  Tools.cpp
  Template.cpp
Tools.obj : warning LNK4006: "struct ImVec2 Field::mouseCoord" (?mouseCoord@Field@@3UImVec2@@A) already defined in Template.obj; second definition ignored
Info.obj : warning LNK4006: "void * GFieldTemplateMarkerCallbackUserData" (?GFieldTemplateMarkerCallbackUserData@@3PEAXEA) already defined in Template.obj; second definition ignored
Info.obj : warning LNK4006: "struct ImVec2 Field::mouseCoord" (?mouseCoord@Field@@3UImVec2@@A) already defined in Template.obj; second definition ignored
Info.obj : warning LNK4006: "void (__cdecl* GFieldTemplateMarkerCallback)(char const *,int,char const *,void *)" (?GFieldTemplateMarkerCallback@@3P6AXPEBDH0PEAX@ZEA) already defined in Template.obj; second definition ignored
Info.obj : warning LNK4006: "void __cdecl Field::ShowTemplateWindow(bool *)" (?ShowTemplateWindow@Field@@YAXPEA_N@Z) already defined in Template.obj; second definition ignored
Field.obj : warning LNK4006: "struct ImVec2 Field::mouseCoord" (?mouseCoord@Field@@3UImVec2@@A) already defined in Template.obj; second definition ignored
  Field.vcxproj -> G:\Project Folder\OpenField\x64\Dist\Field.lib
